<?xml version="1.0" encoding="UTF-8"?>
<coverage generated="1623321562027" clover="3.2.0">
  <project timestamp="1623321562028" name="All files">
    <metrics statements="86" coveredstatements="86" conditionals="26" coveredconditionals="26" methods="19" coveredmethods="19" elements="131" coveredelements="131" complexity="0" loc="86" ncloc="86" packages="1" files="1" classes="1"/>
    <file name="index.js" path="C:\Users\david\refactoring\Exercises\musicChordsClassifier\index.js">
      <metrics statements="86" coveredstatements="86" conditionals="26" coveredconditionals="26" methods="19" coveredmethods="19"/>
      <line num="1" count="1" type="stmt"/>
      <line num="2" count="1" type="stmt"/>
      <line num="3" count="1" type="stmt"/>
      <line num="4" count="1" type="stmt"/>
      <line num="5" count="1" type="stmt"/>
      <line num="6" count="1" type="stmt"/>
      <line num="7" count="1" type="stmt"/>
      <line num="8" count="1" type="stmt"/>
      <line num="10" count="1" type="stmt"/>
      <line num="12" count="1" type="stmt"/>
      <line num="13" count="1" type="stmt"/>
      <line num="15" count="1" type="stmt"/>
      <line num="16" count="1" type="stmt"/>
      <line num="17" count="1" type="stmt"/>
      <line num="18" count="1" type="stmt"/>
      <line num="19" count="1" type="stmt"/>
      <line num="20" count="1" type="stmt"/>
      <line num="23" count="1" type="stmt"/>
      <line num="24" count="27" type="cond" truecount="2" falsecount="0"/>
      <line num="25" count="17" type="stmt"/>
      <line num="27" count="10" type="stmt"/>
      <line num="33" count="1" type="stmt"/>
      <line num="34" count="25" type="cond" truecount="4" falsecount="0"/>
      <line num="35" count="10" type="stmt"/>
      <line num="37" count="15" type="stmt"/>
      <line num="38" count="75" type="cond" truecount="2" falsecount="0"/>
      <line num="39" count="47" type="stmt"/>
      <line num="42" count="15" type="stmt"/>
      <line num="47" count="10" type="stmt"/>
      <line num="48" count="10" type="stmt"/>
      <line num="49" count="10" type="stmt"/>
      <line num="53" count="1" type="stmt"/>
      <line num="54" count="17" type="cond" truecount="4" falsecount="0"/>
      <line num="55" count="12" type="cond" truecount="2" falsecount="0"/>
      <line num="56" count="7" type="stmt"/>
      <line num="58" count="5" type="stmt"/>
      <line num="60" count="12" type="stmt"/>
      <line num="66" count="1" type="stmt"/>
      <line num="67" count="3" type="stmt"/>
      <line num="72" count="1" type="stmt"/>
      <line num="73" count="10" type="cond" truecount="2" falsecount="0"/>
      <line num="74" count="3" type="stmt"/>
      <line num="76" count="10" type="stmt"/>
      <line num="77" count="70" type="cond" truecount="2" falsecount="0"/>
      <line num="78" count="14" type="stmt"/>
      <line num="80" count="56" type="stmt"/>
      <line num="87" count="1" type="stmt"/>
      <line num="88" count="1" type="stmt"/>
      <line num="89" count="3" type="stmt"/>
      <line num="90" count="56" type="stmt"/>
      <line num="95" count="1" type="stmt"/>
      <line num="96" count="1" type="stmt"/>
      <line num="97" count="1" type="stmt"/>
      <line num="98" count="1" type="stmt"/>
      <line num="99" count="1" type="stmt"/>
      <line num="100" count="1" type="stmt"/>
      <line num="101" count="1" type="stmt"/>
      <line num="102" count="1" type="stmt"/>
      <line num="103" count="1" type="stmt"/>
      <line num="104" count="1" type="stmt"/>
      <line num="106" count="1" type="stmt"/>
      <line num="107" count="1" type="stmt"/>
      <line num="108" count="1" type="stmt"/>
      <line num="111" count="36" type="cond" truecount="4" falsecount="0"/>
      <line num="112" count="110" type="stmt"/>
      <line num="113" count="26" type="stmt"/>
      <line num="114" count="26" type="stmt"/>
      <line num="115" count="78" type="stmt"/>
      <line num="116" count="78" type="stmt"/>
      <line num="118" count="324" type="stmt"/>
      <line num="119" count="324" type="cond" truecount="2" falsecount="0"/>
      <line num="120" count="257" type="stmt"/>
      <line num="122" count="67" type="stmt"/>
      <line num="125" count="78" type="stmt"/>
      <line num="127" count="26" type="stmt"/>
      <line num="128" count="26" type="stmt"/>
      <line num="130" count="10" type="stmt"/>
      <line num="133" count="1" type="stmt"/>
      <line num="134" count="26" type="stmt"/>
      <line num="136" count="78" type="cond" truecount="2" falsecount="0"/>
      <line num="137" count="26" type="stmt"/>
      <line num="139" count="78" type="stmt"/>
      <line num="141" count="26" type="stmt"/>
      <line num="145" count="1" type="stmt"/>
      <line num="146" count="1" type="stmt"/>
      <line num="149" count="1" type="stmt"/>
    </file>
  </project>
</coverage>
