<?xml version="1.0" encoding="UTF-8"?>
<coverage generated="1623516191242" clover="3.2.0">
  <project timestamp="1623516191243" name="All files">
    <metrics statements="96" coveredstatements="96" conditionals="32" coveredconditionals="32" methods="21" coveredmethods="21" elements="149" coveredelements="149" complexity="0" loc="96" ncloc="96" packages="1" files="1" classes="1"/>
    <file name="index.js" path="C:\Users\david\refactoring\Exercises\musicChordsClassifier\index.js">
      <metrics statements="96" coveredstatements="96" conditionals="32" coveredconditionals="32" methods="21" coveredmethods="21"/>
      <line num="1" count="1" type="stmt"/>
      <line num="2" count="1" type="stmt"/>
      <line num="3" count="1" type="stmt"/>
      <line num="4" count="1" type="stmt"/>
      <line num="5" count="1" type="stmt"/>
      <line num="6" count="1" type="stmt"/>
      <line num="7" count="1" type="stmt"/>
      <line num="8" count="1" type="stmt"/>
      <line num="10" count="1" type="stmt"/>
      <line num="12" count="1" type="stmt"/>
      <line num="13" count="1" type="stmt"/>
      <line num="15" count="1" type="stmt"/>
      <line num="16" count="1" type="stmt"/>
      <line num="17" count="1" type="stmt"/>
      <line num="18" count="1" type="stmt"/>
      <line num="19" count="1" type="stmt"/>
      <line num="20" count="1" type="stmt"/>
      <line num="23" count="1" type="stmt"/>
      <line num="24" count="10" type="stmt"/>
      <line num="25" count="10" type="stmt"/>
      <line num="26" count="10" type="stmt"/>
      <line num="32" count="1" type="stmt"/>
      <line num="33" count="11" type="cond" truecount="2" falsecount="0"/>
      <line num="34" count="6" type="stmt"/>
      <line num="35" count="6" type="stmt"/>
      <line num="36" count="14" type="stmt"/>
      <line num="38" count="6" type="stmt"/>
      <line num="43" count="1" type="stmt"/>
      <line num="44" count="29" type="cond" truecount="4" falsecount="0"/>
      <line num="45" count="12" type="stmt"/>
      <line num="51" count="11" type="cond" truecount="2" falsecount="0"/>
      <line num="52" count="8" type="stmt"/>
      <line num="53" count="8" type="stmt"/>
      <line num="54" count="40" type="cond" truecount="2" falsecount="0"/>
      <line num="55" count="18" type="stmt"/>
      <line num="57" count="40" type="stmt"/>
      <line num="58" count="275" type="stmt"/>
      <line num="61" count="8" type="stmt"/>
      <line num="67" count="2" type="stmt"/>
      <line num="68" count="2" type="stmt"/>
      <line num="69" count="6" type="stmt"/>
      <line num="70" count="112" type="stmt"/>
      <line num="73" count="2" type="stmt"/>
      <line num="76" count="1" type="stmt"/>
      <line num="77" count="1" type="stmt"/>
      <line num="78" count="1" type="stmt"/>
      <line num="79" count="1" type="stmt"/>
      <line num="80" count="1" type="stmt"/>
      <line num="81" count="1" type="stmt"/>
      <line num="82" count="1" type="stmt"/>
      <line num="83" count="1" type="stmt"/>
      <line num="84" count="1" type="stmt"/>
      <line num="85" count="1" type="stmt"/>
      <line num="87" count="1" type="stmt"/>
      <line num="89" count="1" type="stmt"/>
      <line num="91" count="1" type="stmt"/>
      <line num="94" count="36" type="cond" truecount="4" falsecount="0"/>
      <line num="95" count="110" type="stmt"/>
      <line num="96" count="26" type="stmt"/>
      <line num="97" count="26" type="stmt"/>
      <line num="98" count="78" type="stmt"/>
      <line num="99" count="78" type="stmt"/>
      <line num="101" count="324" type="stmt"/>
      <line num="102" count="324" type="cond" truecount="2" falsecount="0"/>
      <line num="103" count="257" type="stmt"/>
      <line num="105" count="67" type="stmt"/>
      <line num="108" count="78" type="stmt"/>
      <line num="111" count="26" type="stmt"/>
      <line num="112" count="26" type="stmt"/>
      <line num="114" count="10" type="stmt"/>
      <line num="117" count="1" type="stmt"/>
      <line num="118" count="27" type="stmt"/>
      <line num="119" count="27" type="stmt"/>
      <line num="121" count="81" type="stmt"/>
      <line num="122" count="81" type="cond" truecount="2" falsecount="0"/>
      <line num="123" count="54" type="stmt"/>
      <line num="125" count="81" type="stmt"/>
      <line num="128" count="27" type="stmt"/>
      <line num="132" count="1" type="stmt"/>
      <line num="133" count="1" type="stmt"/>
      <line num="138" count="27" type="cond" truecount="2" falsecount="0"/>
      <line num="139" count="17" type="stmt"/>
      <line num="141" count="10" type="stmt"/>
      <line num="148" count="25" type="cond" truecount="4" falsecount="0"/>
      <line num="149" count="10" type="stmt"/>
      <line num="151" count="15" type="stmt"/>
      <line num="152" count="75" type="cond" truecount="2" falsecount="0"/>
      <line num="153" count="47" type="stmt"/>
      <line num="156" count="15" type="stmt"/>
      <line num="160" count="17" type="cond" truecount="4" falsecount="0"/>
      <line num="161" count="12" type="stmt"/>
      <line num="167" count="287" type="cond" truecount="2" falsecount="0"/>
      <line num="168" count="61" type="stmt"/>
      <line num="170" count="226" type="stmt"/>
      <line num="172" count="287" type="stmt"/>
      <line num="177" count="1" type="stmt"/>
    </file>
  </project>
</coverage>
