{"C:\\Users\\david\\refactoring\\Exercises\\musicChordsClassifier\\index.js": {"path":"C:\\Users\\david\\refactoring\\Exercises\\musicChordsClassifier\\index.js","statementMap":{"0":{"start":{"line":1,"column":0},"end":{"line":1,"column":52}},"1":{"start":{"line":2,"column":0},"end":{"line":2,"column":56}},"2":{"start":{"line":3,"column":0},"end":{"line":3,"column":30}},"3":{"start":{"line":4,"column":0},"end":{"line":4,"column":62}},"4":{"start":{"line":5,"column":0},"end":{"line":5,"column":53}},"5":{"start":{"line":6,"column":0},"end":{"line":6,"column":58}},"6":{"start":{"line":7,"column":0},"end":{"line":7,"column":62}},"7":{"start":{"line":8,"column":0},"end":{"line":9,"column":24}},"8":{"start":{"line":10,"column":0},"end":{"line":11,"column":6}},"9":{"start":{"line":12,"column":0},"end":{"line":12,"column":51}},"10":{"start":{"line":13,"column":0},"end":{"line":13,"column":12}},"11":{"start":{"line":15,"column":12},"end":{"line":15,"column":14}},"12":{"start":{"line":16,"column":16},"end":{"line":16,"column":18}},"13":{"start":{"line":17,"column":23},"end":{"line":17,"column":25}},"14":{"start":{"line":18,"column":25},"end":{"line":18,"column":27}},"15":{"start":{"line":19,"column":26},"end":{"line":19,"column":28}},"16":{"start":{"line":20,"column":34},"end":{"line":20,"column":36}},"17":{"start":{"line":23,"column":40},"end":{"line":29,"column":1}},"18":{"start":{"line":24,"column":1},"end":{"line":28,"column":2}},"19":{"start":{"line":25,"column":2},"end":{"line":25,"column":34}},"20":{"start":{"line":27,"column":2},"end":{"line":27,"column":44}},"21":{"start":{"line":33,"column":25},"end":{"line":43,"column":1}},"22":{"start":{"line":34,"column":1},"end":{"line":36,"column":2}},"23":{"start":{"line":35,"column":2},"end":{"line":35,"column":40}},"24":{"start":{"line":37,"column":1},"end":{"line":41,"column":3}},"25":{"start":{"line":38,"column":2},"end":{"line":40,"column":3}},"26":{"start":{"line":39,"column":3},"end":{"line":39,"column":19}},"27":{"start":{"line":42,"column":1},"end":{"line":42,"column":12}},"28":{"start":{"line":47,"column":2},"end":{"line":47,"column":68}},"29":{"start":{"line":48,"column":3},"end":{"line":48,"column":50}},"30":{"start":{"line":49,"column":2},"end":{"line":49,"column":72}},"31":{"start":{"line":53,"column":30},"end":{"line":63,"column":1}},"32":{"start":{"line":54,"column":1},"end":{"line":61,"column":2}},"33":{"start":{"line":55,"column":2},"end":{"line":59,"column":3}},"34":{"start":{"line":56,"column":3},"end":{"line":56,"column":17}},"35":{"start":{"line":58,"column":3},"end":{"line":58,"column":19}},"36":{"start":{"line":60,"column":2},"end":{"line":60,"column":12}},"37":{"start":{"line":66,"column":1},"end":{"line":68,"column":3}},"38":{"start":{"line":67,"column":2},"end":{"line":67,"column":68}},"39":{"start":{"line":72,"column":1},"end":{"line":83,"column":3}},"40":{"start":{"line":73,"column":2},"end":{"line":75,"column":3}},"41":{"start":{"line":74,"column":3},"end":{"line":74,"column":36}},"42":{"start":{"line":76,"column":2},"end":{"line":82,"column":4}},"43":{"start":{"line":77,"column":3},"end":{"line":81,"column":4}},"44":{"start":{"line":78,"column":4},"end":{"line":78,"column":41}},"45":{"start":{"line":80,"column":4},"end":{"line":80,"column":43}},"46":{"start":{"line":87,"column":1},"end":{"line":87,"column":50}},"47":{"start":{"line":88,"column":1},"end":{"line":92,"column":3}},"48":{"start":{"line":89,"column":2},"end":{"line":91,"column":4}},"49":{"start":{"line":90,"column":3},"end":{"line":90,"column":65}},"50":{"start":{"line":95,"column":0},"end":{"line":95,"column":22}},"51":{"start":{"line":96,"column":0},"end":{"line":96,"column":41}},"52":{"start":{"line":97,"column":0},"end":{"line":97,"column":27}},"53":{"start":{"line":98,"column":0},"end":{"line":98,"column":42}},"54":{"start":{"line":99,"column":0},"end":{"line":99,"column":32}},"55":{"start":{"line":100,"column":0},"end":{"line":100,"column":22}},"56":{"start":{"line":101,"column":0},"end":{"line":101,"column":21}},"57":{"start":{"line":102,"column":0},"end":{"line":102,"column":23}},"58":{"start":{"line":103,"column":0},"end":{"line":103,"column":20}},"59":{"start":{"line":104,"column":0},"end":{"line":104,"column":26}},"60":{"start":{"line":106,"column":0},"end":{"line":106,"column":23}},"61":{"start":{"line":107,"column":0},"end":{"line":107,"column":24}},"62":{"start":{"line":108,"column":0},"end":{"line":108,"column":32}},"63":{"start":{"line":111,"column":1},"end":{"line":129,"column":2}},"64":{"start":{"line":112,"column":25},"end":{"line":112,"column":51}},"65":{"start":{"line":113,"column":19},"end":{"line":113,"column":21}},"66":{"start":{"line":114,"column":2},"end":{"line":126,"column":4}},"67":{"start":{"line":115,"column":15},"end":{"line":115,"column":52}},"68":{"start":{"line":116,"column":3},"end":{"line":124,"column":5}},"69":{"start":{"line":118,"column":5},"end":{"line":118,"column":51}},"70":{"start":{"line":119,"column":4},"end":{"line":123,"column":5}},"71":{"start":{"line":120,"column":5},"end":{"line":120,"column":17}},"72":{"start":{"line":122,"column":5},"end":{"line":122,"column":55}},"73":{"start":{"line":125,"column":3},"end":{"line":125,"column":33}},"74":{"start":{"line":127,"column":31},"end":{"line":127,"column":64}},"75":{"start":{"line":128,"column":2},"end":{"line":128,"column":52}},"76":{"start":{"line":130,"column":1},"end":{"line":130,"column":34}},"77":{"start":{"line":133,"column":30},"end":{"line":142,"column":1}},"78":{"start":{"line":134,"column":16},"end":{"line":140,"column":7}},"79":{"start":{"line":136,"column":3},"end":{"line":138,"column":4}},"80":{"start":{"line":137,"column":4},"end":{"line":137,"column":30}},"81":{"start":{"line":139,"column":3},"end":{"line":139,"column":14}},"82":{"start":{"line":141,"column":1},"end":{"line":141,"column":14}},"83":{"start":{"line":145,"column":0},"end":{"line":145,"column":31}},"84":{"start":{"line":146,"column":0},"end":{"line":146,"column":66}},"85":{"start":{"line":149,"column":0},"end":{"line":151,"column":1}}},"fnMap":{"0":{"name":"(anonymous_0)","decl":{"start":{"line":23,"column":40},"end":{"line":23,"column":41}},"loc":{"start":{"line":23,"column":60},"end":{"line":29,"column":1}},"line":23},"1":{"name":"(anonymous_1)","decl":{"start":{"line":33,"column":25},"end":{"line":33,"column":26}},"loc":{"start":{"line":33,"column":43},"end":{"line":43,"column":1}},"line":33},"2":{"name":"(anonymous_2)","decl":{"start":{"line":37,"column":16},"end":{"line":37,"column":17}},"loc":{"start":{"line":37,"column":25},"end":{"line":41,"column":2}},"line":37},"3":{"name":"train","decl":{"start":{"line":46,"column":9},"end":{"line":46,"column":14}},"loc":{"start":{"line":46,"column":34},"end":{"line":50,"column":1}},"line":46},"4":{"name":"(anonymous_4)","decl":{"start":{"line":53,"column":30},"end":{"line":53,"column":31}},"loc":{"start":{"line":53,"column":48},"end":{"line":63,"column":1}},"line":53},"5":{"name":"setLabelProbabilities","decl":{"start":{"line":65,"column":9},"end":{"line":65,"column":30}},"loc":{"start":{"line":65,"column":32},"end":{"line":69,"column":1}},"line":65},"6":{"name":"(anonymous_6)","decl":{"start":{"line":66,"column":39},"end":{"line":66,"column":40}},"loc":{"start":{"line":66,"column":54},"end":{"line":68,"column":2}},"line":66},"7":{"name":"setChordCountsInLabels","decl":{"start":{"line":71,"column":9},"end":{"line":71,"column":31}},"loc":{"start":{"line":71,"column":33},"end":{"line":84,"column":1}},"line":71},"8":{"name":"(anonymous_8)","decl":{"start":{"line":72,"column":15},"end":{"line":72,"column":16}},"loc":{"start":{"line":72,"column":23},"end":{"line":83,"column":2}},"line":72},"9":{"name":"(anonymous_9)","decl":{"start":{"line":76,"column":18},"end":{"line":76,"column":19}},"loc":{"start":{"line":76,"column":27},"end":{"line":82,"column":3}},"line":76},"10":{"name":"setProbabilityOfChordsInLabels","decl":{"start":{"line":86,"column":9},"end":{"line":86,"column":39}},"loc":{"start":{"line":86,"column":41},"end":{"line":93,"column":1}},"line":86},"11":{"name":"(anonymous_11)","decl":{"start":{"line":88,"column":50},"end":{"line":88,"column":51}},"loc":{"start":{"line":88,"column":65},"end":{"line":92,"column":2}},"line":88},"12":{"name":"(anonymous_12)","decl":{"start":{"line":89,"column":63},"end":{"line":89,"column":64}},"loc":{"start":{"line":89,"column":72},"end":{"line":91,"column":3}},"line":89},"13":{"name":"classify","decl":{"start":{"line":110,"column":9},"end":{"line":110,"column":17}},"loc":{"start":{"line":110,"column":25},"end":{"line":131,"column":1}},"line":110},"14":{"name":"(anonymous_14)","decl":{"start":{"line":112,"column":16},"end":{"line":112,"column":17}},"loc":{"start":{"line":112,"column":25},"end":{"line":112,"column":51}},"line":112},"15":{"name":"(anonymous_15)","decl":{"start":{"line":114,"column":42},"end":{"line":114,"column":43}},"loc":{"start":{"line":114,"column":56},"end":{"line":126,"column":3}},"line":114},"16":{"name":"(anonymous_16)","decl":{"start":{"line":116,"column":18},"end":{"line":116,"column":19}},"loc":{"start":{"line":116,"column":27},"end":{"line":124,"column":4}},"line":116},"17":{"name":"(anonymous_17)","decl":{"start":{"line":133,"column":30},"end":{"line":133,"column":31}},"loc":{"start":{"line":133,"column":39},"end":{"line":142,"column":1}},"line":133},"18":{"name":"(anonymous_18)","decl":{"start":{"line":135,"column":10},"end":{"line":135,"column":11}},"loc":{"start":{"line":135,"column":41},"end":{"line":140,"column":3}},"line":135}},"branchMap":{"0":{"loc":{"start":{"line":24,"column":1},"end":{"line":28,"column":2}},"type":"if","locations":[{"start":{"line":24,"column":1},"end":{"line":28,"column":2}},{"start":{"line":24,"column":1},"end":{"line":28,"column":2}}],"line":24},"1":{"loc":{"start":{"line":34,"column":1},"end":{"line":36,"column":2}},"type":"if","locations":[{"start":{"line":34,"column":1},"end":{"line":36,"column":2}},{"start":{"line":34,"column":1},"end":{"line":36,"column":2}}],"line":34},"2":{"loc":{"start":{"line":34,"column":4},"end":{"line":34,"column":50}},"type":"binary-expr","locations":[{"start":{"line":34,"column":4},"end":{"line":34,"column":24}},{"start":{"line":34,"column":28},"end":{"line":34,"column":50}}],"line":34},"3":{"loc":{"start":{"line":38,"column":2},"end":{"line":40,"column":3}},"type":"if","locations":[{"start":{"line":38,"column":2},"end":{"line":40,"column":3}},{"start":{"line":38,"column":2},"end":{"line":40,"column":3}}],"line":38},"4":{"loc":{"start":{"line":54,"column":1},"end":{"line":61,"column":2}},"type":"if","locations":[{"start":{"line":54,"column":1},"end":{"line":61,"column":2}},{"start":{"line":54,"column":1},"end":{"line":61,"column":2}}],"line":54},"5":{"loc":{"start":{"line":54,"column":4},"end":{"line":54,"column":51}},"type":"binary-expr","locations":[{"start":{"line":54,"column":4},"end":{"line":54,"column":23}},{"start":{"line":54,"column":27},"end":{"line":54,"column":51}}],"line":54},"6":{"loc":{"start":{"line":55,"column":2},"end":{"line":59,"column":3}},"type":"if","locations":[{"start":{"line":55,"column":2},"end":{"line":59,"column":3}},{"start":{"line":55,"column":2},"end":{"line":59,"column":3}}],"line":55},"7":{"loc":{"start":{"line":73,"column":2},"end":{"line":75,"column":3}},"type":"if","locations":[{"start":{"line":73,"column":2},"end":{"line":75,"column":3}},{"start":{"line":73,"column":2},"end":{"line":75,"column":3}}],"line":73},"8":{"loc":{"start":{"line":77,"column":3},"end":{"line":81,"column":4}},"type":"if","locations":[{"start":{"line":77,"column":3},"end":{"line":81,"column":4}},{"start":{"line":77,"column":3},"end":{"line":81,"column":4}}],"line":77},"9":{"loc":{"start":{"line":111,"column":1},"end":{"line":129,"column":2}},"type":"if","locations":[{"start":{"line":111,"column":1},"end":{"line":129,"column":2}},{"start":{"line":111,"column":1},"end":{"line":129,"column":2}}],"line":111},"10":{"loc":{"start":{"line":111,"column":4},"end":{"line":112,"column":52}},"type":"binary-expr","locations":[{"start":{"line":111,"column":4},"end":{"line":111,"column":25}},{"start":{"line":112,"column":3},"end":{"line":112,"column":52}}],"line":111},"11":{"loc":{"start":{"line":119,"column":4},"end":{"line":123,"column":5}},"type":"if","locations":[{"start":{"line":119,"column":4},"end":{"line":123,"column":5}},{"start":{"line":119,"column":4},"end":{"line":123,"column":5}}],"line":119},"12":{"loc":{"start":{"line":136,"column":3},"end":{"line":138,"column":4}},"type":"if","locations":[{"start":{"line":136,"column":3},"end":{"line":138,"column":4}},{"start":{"line":136,"column":3},"end":{"line":138,"column":4}}],"line":136}},"s":{"0":1,"1":1,"2":1,"3":1,"4":1,"5":1,"6":1,"7":1,"8":1,"9":1,"10":1,"11":1,"12":1,"13":1,"14":1,"15":1,"16":1,"17":1,"18":27,"19":17,"20":10,"21":1,"22":25,"23":10,"24":15,"25":75,"26":47,"27":15,"28":10,"29":10,"30":10,"31":1,"32":17,"33":12,"34":7,"35":5,"36":12,"37":1,"38":3,"39":1,"40":10,"41":3,"42":10,"43":70,"44":14,"45":56,"46":1,"47":1,"48":3,"49":56,"50":1,"51":1,"52":1,"53":1,"54":1,"55":1,"56":1,"57":1,"58":1,"59":1,"60":1,"61":1,"62":1,"63":36,"64":110,"65":26,"66":26,"67":78,"68":78,"69":324,"70":324,"71":257,"72":67,"73":78,"74":26,"75":26,"76":10,"77":1,"78":26,"79":78,"80":26,"81":78,"82":26,"83":1,"84":1,"85":1},"f":{"0":27,"1":25,"2":75,"3":10,"4":17,"5":1,"6":3,"7":1,"8":10,"9":70,"10":1,"11":3,"12":56,"13":36,"14":110,"15":78,"16":324,"17":26,"18":78},"b":{"0":[17,10],"1":[10,15],"2":[25,17],"3":[47,28],"4":[12,5],"5":[17,16],"6":[7,5],"7":[3,7],"8":[14,56],"9":[26,10],"10":[36,28],"11":[257,67],"12":[26,52]},"_coverageSchema":"1a1c01bbd47fc00a2c39e90264f33305004495a9","hash":"43b7e531f920e9b5183cbaa6f589742f882b74d7"}
}
