{"C:\\Users\\david\\refactoring\\Exercises\\musicChordsClassifier\\index.js": {"path":"C:\\Users\\david\\refactoring\\Exercises\\musicChordsClassifier\\index.js","statementMap":{"0":{"start":{"line":1,"column":0},"end":{"line":1,"column":52}},"1":{"start":{"line":2,"column":0},"end":{"line":2,"column":56}},"2":{"start":{"line":3,"column":0},"end":{"line":3,"column":30}},"3":{"start":{"line":4,"column":0},"end":{"line":4,"column":62}},"4":{"start":{"line":5,"column":0},"end":{"line":5,"column":53}},"5":{"start":{"line":6,"column":0},"end":{"line":6,"column":58}},"6":{"start":{"line":7,"column":0},"end":{"line":7,"column":62}},"7":{"start":{"line":8,"column":0},"end":{"line":9,"column":24}},"8":{"start":{"line":10,"column":0},"end":{"line":11,"column":6}},"9":{"start":{"line":12,"column":0},"end":{"line":12,"column":51}},"10":{"start":{"line":13,"column":0},"end":{"line":13,"column":12}},"11":{"start":{"line":15,"column":12},"end":{"line":15,"column":14}},"12":{"start":{"line":16,"column":13},"end":{"line":16,"column":15}},"13":{"start":{"line":17,"column":16},"end":{"line":17,"column":18}},"14":{"start":{"line":18,"column":18},"end":{"line":18,"column":20}},"15":{"start":{"line":19,"column":25},"end":{"line":19,"column":27}},"16":{"start":{"line":20,"column":26},"end":{"line":20,"column":28}},"17":{"start":{"line":21,"column":34},"end":{"line":21,"column":36}},"18":{"start":{"line":24,"column":1},"end":{"line":24,"column":28}},"19":{"start":{"line":25,"column":1},"end":{"line":25,"column":19}},"20":{"start":{"line":26,"column":1},"end":{"line":30,"column":3}},"21":{"start":{"line":27,"column":2},"end":{"line":29,"column":3}},"22":{"start":{"line":28,"column":3},"end":{"line":28,"column":24}},"23":{"start":{"line":32,"column":1},"end":{"line":36,"column":2}},"24":{"start":{"line":33,"column":2},"end":{"line":33,"column":22}},"25":{"start":{"line":35,"column":2},"end":{"line":35,"column":24}},"26":{"start":{"line":40,"column":1},"end":{"line":40,"column":20}},"27":{"start":{"line":44,"column":1},"end":{"line":47,"column":3}},"28":{"start":{"line":45,"column":21},"end":{"line":45,"column":39}},"29":{"start":{"line":46,"column":1},"end":{"line":46,"column":63}},"30":{"start":{"line":51,"column":1},"end":{"line":63,"column":3}},"31":{"start":{"line":52,"column":1},"end":{"line":54,"column":2}},"32":{"start":{"line":53,"column":1},"end":{"line":53,"column":31}},"33":{"start":{"line":55,"column":1},"end":{"line":62,"column":3}},"34":{"start":{"line":56,"column":1},"end":{"line":61,"column":2}},"35":{"start":{"line":57,"column":1},"end":{"line":58,"column":32}},"36":{"start":{"line":60,"column":1},"end":{"line":60,"column":33}},"37":{"start":{"line":67,"column":1},"end":{"line":67,"column":50}},"38":{"start":{"line":68,"column":1},"end":{"line":72,"column":3}},"39":{"start":{"line":69,"column":1},"end":{"line":71,"column":3}},"40":{"start":{"line":70,"column":1},"end":{"line":70,"column":90}},"41":{"start":{"line":75,"column":0},"end":{"line":75,"column":22}},"42":{"start":{"line":76,"column":0},"end":{"line":76,"column":41}},"43":{"start":{"line":77,"column":0},"end":{"line":77,"column":27}},"44":{"start":{"line":78,"column":0},"end":{"line":78,"column":42}},"45":{"start":{"line":79,"column":0},"end":{"line":79,"column":32}},"46":{"start":{"line":80,"column":0},"end":{"line":80,"column":22}},"47":{"start":{"line":81,"column":0},"end":{"line":81,"column":21}},"48":{"start":{"line":82,"column":0},"end":{"line":82,"column":23}},"49":{"start":{"line":83,"column":0},"end":{"line":83,"column":20}},"50":{"start":{"line":84,"column":0},"end":{"line":84,"column":26}},"51":{"start":{"line":86,"column":0},"end":{"line":86,"column":23}},"52":{"start":{"line":87,"column":0},"end":{"line":87,"column":24}},"53":{"start":{"line":88,"column":0},"end":{"line":88,"column":32}},"54":{"start":{"line":91,"column":1},"end":{"line":110,"column":2}},"55":{"start":{"line":92,"column":25},"end":{"line":92,"column":51}},"56":{"start":{"line":93,"column":13},"end":{"line":93,"column":31}},"57":{"start":{"line":94,"column":19},"end":{"line":94,"column":21}},"58":{"start":{"line":95,"column":2},"end":{"line":107,"column":4}},"59":{"start":{"line":96,"column":14},"end":{"line":96,"column":44}},"60":{"start":{"line":97,"column":2},"end":{"line":105,"column":4}},"61":{"start":{"line":99,"column":2},"end":{"line":99,"column":41}},"62":{"start":{"line":100,"column":2},"end":{"line":104,"column":3}},"63":{"start":{"line":101,"column":2},"end":{"line":101,"column":14}},"64":{"start":{"line":103,"column":2},"end":{"line":103,"column":52}},"65":{"start":{"line":106,"column":2},"end":{"line":106,"column":25}},"66":{"start":{"line":108,"column":31},"end":{"line":108,"column":64}},"67":{"start":{"line":109,"column":2},"end":{"line":109,"column":52}},"68":{"start":{"line":111,"column":1},"end":{"line":111,"column":34}},"69":{"start":{"line":114,"column":30},"end":{"line":123,"column":1}},"70":{"start":{"line":115,"column":16},"end":{"line":121,"column":7}},"71":{"start":{"line":117,"column":3},"end":{"line":119,"column":4}},"72":{"start":{"line":118,"column":4},"end":{"line":118,"column":30}},"73":{"start":{"line":120,"column":3},"end":{"line":120,"column":14}},"74":{"start":{"line":122,"column":1},"end":{"line":122,"column":14}},"75":{"start":{"line":126,"column":0},"end":{"line":126,"column":31}},"76":{"start":{"line":127,"column":0},"end":{"line":127,"column":66}},"77":{"start":{"line":130,"column":0},"end":{"line":132,"column":1}}},"fnMap":{"0":{"name":"train","decl":{"start":{"line":23,"column":9},"end":{"line":23,"column":14}},"loc":{"start":{"line":23,"column":29},"end":{"line":37,"column":1}},"line":23},"1":{"name":"(anonymous_1)","decl":{"start":{"line":26,"column":16},"end":{"line":26,"column":17}},"loc":{"start":{"line":26,"column":25},"end":{"line":30,"column":2}},"line":26},"2":{"name":"getNumberOfSongs","decl":{"start":{"line":39,"column":9},"end":{"line":39,"column":25}},"loc":{"start":{"line":39,"column":27},"end":{"line":41,"column":1}},"line":39},"3":{"name":"setLabelProbabilities","decl":{"start":{"line":43,"column":9},"end":{"line":43,"column":30}},"loc":{"start":{"line":43,"column":32},"end":{"line":48,"column":1}},"line":43},"4":{"name":"(anonymous_4)","decl":{"start":{"line":44,"column":34},"end":{"line":44,"column":35}},"loc":{"start":{"line":44,"column":49},"end":{"line":47,"column":2}},"line":44},"5":{"name":"setChordCountsInLabels","decl":{"start":{"line":50,"column":9},"end":{"line":50,"column":31}},"loc":{"start":{"line":50,"column":33},"end":{"line":64,"column":1}},"line":50},"6":{"name":"(anonymous_6)","decl":{"start":{"line":51,"column":15},"end":{"line":51,"column":16}},"loc":{"start":{"line":51,"column":26},"end":{"line":63,"column":2}},"line":51},"7":{"name":"(anonymous_7)","decl":{"start":{"line":55,"column":14},"end":{"line":55,"column":15}},"loc":{"start":{"line":55,"column":25},"end":{"line":62,"column":2}},"line":55},"8":{"name":"setProbabilityOfChordsInLabels","decl":{"start":{"line":66,"column":9},"end":{"line":66,"column":39}},"loc":{"start":{"line":66,"column":41},"end":{"line":73,"column":1}},"line":66},"9":{"name":"(anonymous_9)","decl":{"start":{"line":68,"column":50},"end":{"line":68,"column":51}},"loc":{"start":{"line":68,"column":61},"end":{"line":72,"column":2}},"line":68},"10":{"name":"(anonymous_10)","decl":{"start":{"line":69,"column":53},"end":{"line":69,"column":54}},"loc":{"start":{"line":69,"column":64},"end":{"line":71,"column":2}},"line":69},"11":{"name":"classify","decl":{"start":{"line":90,"column":9},"end":{"line":90,"column":17}},"loc":{"start":{"line":90,"column":25},"end":{"line":112,"column":1}},"line":90},"12":{"name":"(anonymous_12)","decl":{"start":{"line":92,"column":16},"end":{"line":92,"column":17}},"loc":{"start":{"line":92,"column":25},"end":{"line":92,"column":51}},"line":92},"13":{"name":"(anonymous_13)","decl":{"start":{"line":95,"column":28},"end":{"line":95,"column":29}},"loc":{"start":{"line":95,"column":41},"end":{"line":107,"column":3}},"line":95},"14":{"name":"(anonymous_14)","decl":{"start":{"line":97,"column":17},"end":{"line":97,"column":18}},"loc":{"start":{"line":97,"column":32},"end":{"line":105,"column":3}},"line":97},"15":{"name":"(anonymous_15)","decl":{"start":{"line":114,"column":30},"end":{"line":114,"column":31}},"loc":{"start":{"line":114,"column":39},"end":{"line":123,"column":1}},"line":114},"16":{"name":"(anonymous_16)","decl":{"start":{"line":116,"column":10},"end":{"line":116,"column":11}},"loc":{"start":{"line":116,"column":41},"end":{"line":121,"column":3}},"line":116}},"branchMap":{"0":{"loc":{"start":{"line":27,"column":2},"end":{"line":29,"column":3}},"type":"if","locations":[{"start":{"line":27,"column":2},"end":{"line":29,"column":3}},{"start":{"line":27,"column":2},"end":{"line":29,"column":3}}],"line":27},"1":{"loc":{"start":{"line":32,"column":1},"end":{"line":36,"column":2}},"type":"if","locations":[{"start":{"line":32,"column":1},"end":{"line":36,"column":2}},{"start":{"line":32,"column":1},"end":{"line":36,"column":2}}],"line":32},"2":{"loc":{"start":{"line":52,"column":1},"end":{"line":54,"column":2}},"type":"if","locations":[{"start":{"line":52,"column":1},"end":{"line":54,"column":2}},{"start":{"line":52,"column":1},"end":{"line":54,"column":2}}],"line":52},"3":{"loc":{"start":{"line":56,"column":1},"end":{"line":61,"column":2}},"type":"if","locations":[{"start":{"line":56,"column":1},"end":{"line":61,"column":2}},{"start":{"line":56,"column":1},"end":{"line":61,"column":2}}],"line":56},"4":{"loc":{"start":{"line":91,"column":1},"end":{"line":110,"column":2}},"type":"if","locations":[{"start":{"line":91,"column":1},"end":{"line":110,"column":2}},{"start":{"line":91,"column":1},"end":{"line":110,"column":2}}],"line":91},"5":{"loc":{"start":{"line":91,"column":4},"end":{"line":92,"column":52}},"type":"binary-expr","locations":[{"start":{"line":91,"column":4},"end":{"line":91,"column":25}},{"start":{"line":92,"column":3},"end":{"line":92,"column":52}}],"line":91},"6":{"loc":{"start":{"line":100,"column":2},"end":{"line":104,"column":3}},"type":"if","locations":[{"start":{"line":100,"column":2},"end":{"line":104,"column":3}},{"start":{"line":100,"column":2},"end":{"line":104,"column":3}}],"line":100},"7":{"loc":{"start":{"line":117,"column":3},"end":{"line":119,"column":4}},"type":"if","locations":[{"start":{"line":117,"column":3},"end":{"line":119,"column":4}},{"start":{"line":117,"column":3},"end":{"line":119,"column":4}}],"line":117}},"s":{"0":1,"1":1,"2":1,"3":1,"4":1,"5":1,"6":1,"7":1,"8":1,"9":1,"10":1,"11":1,"12":1,"13":1,"14":1,"15":1,"16":1,"17":1,"18":10,"19":10,"20":10,"21":70,"22":42,"23":10,"24":7,"25":3,"26":3,"27":1,"28":3,"29":3,"30":1,"31":10,"32":3,"33":10,"34":70,"35":14,"36":56,"37":1,"38":1,"39":3,"40":56,"41":1,"42":1,"43":1,"44":1,"45":1,"46":1,"47":1,"48":1,"49":1,"50":1,"51":1,"52":1,"53":1,"54":36,"55":110,"56":26,"57":26,"58":26,"59":78,"60":78,"61":324,"62":324,"63":257,"64":67,"65":78,"66":26,"67":26,"68":10,"69":1,"70":26,"71":78,"72":26,"73":78,"74":26,"75":1,"76":1,"77":1},"f":{"0":10,"1":70,"2":3,"3":1,"4":3,"5":1,"6":10,"7":70,"8":1,"9":3,"10":56,"11":36,"12":110,"13":78,"14":324,"15":26,"16":78},"b":{"0":[42,28],"1":[7,3],"2":[3,7],"3":[14,56],"4":[26,10],"5":[36,28],"6":[257,67],"7":[26,52]},"_coverageSchema":"1a1c01bbd47fc00a2c39e90264f33305004495a9","hash":"9a5c51a49a1eaebd62c8616909d3738f9f9b4911"}
}
