TN:
SF:Exercises\musicChordsClassifier\index.js
FN:23,train
FN:26,(anonymous_1)
FN:41,setLabelProbabilities
FN:42,(anonymous_3)
FN:47,setChordCountsInLabels
FN:48,(anonymous_5)
FN:52,(anonymous_6)
FN:62,setProbabilityOfChordsInLabels
FN:64,(anonymous_8)
FN:65,(anonymous_9)
FN:86,classify
FN:88,(anonymous_11)
FN:92,(anonymous_12)
FN:94,(anonymous_13)
FN:111,(anonymous_14)
FN:113,(anonymous_15)
FNF:16
FNH:16
FNDA:10,train
FNDA:70,(anonymous_1)
FNDA:1,setLabelProbabilities
FNDA:3,(anonymous_3)
FNDA:1,setChordCountsInLabels
FNDA:10,(anonymous_5)
FNDA:70,(anonymous_6)
FNDA:1,setProbabilityOfChordsInLabels
FNDA:3,(anonymous_8)
FNDA:56,(anonymous_9)
FNDA:36,classify
FNDA:110,(anonymous_11)
FNDA:78,(anonymous_12)
FNDA:324,(anonymous_13)
FNDA:26,(anonymous_14)
FNDA:78,(anonymous_15)
DA:1,1
DA:2,1
DA:3,1
DA:4,1
DA:5,1
DA:6,1
DA:7,1
DA:8,1
DA:10,1
DA:12,1
DA:13,1
DA:15,1
DA:16,1
DA:17,1
DA:18,1
DA:19,1
DA:20,1
DA:21,1
DA:24,10
DA:25,10
DA:26,10
DA:27,70
DA:28,42
DA:32,10
DA:33,7
DA:35,3
DA:42,1
DA:43,3
DA:48,1
DA:49,10
DA:50,3
DA:52,10
DA:53,70
DA:54,14
DA:56,56
DA:63,1
DA:64,1
DA:65,3
DA:66,56
DA:71,1
DA:72,1
DA:73,1
DA:74,1
DA:75,1
DA:76,1
DA:77,1
DA:78,1
DA:79,1
DA:80,1
DA:82,1
DA:83,1
DA:84,1
DA:87,36
DA:88,110
DA:89,26
DA:90,26
DA:91,26
DA:92,26
DA:93,78
DA:94,78
DA:96,324
DA:97,324
DA:98,257
DA:100,67
DA:103,78
DA:105,26
DA:106,26
DA:108,10
DA:111,1
DA:112,26
DA:114,78
DA:115,26
DA:117,78
DA:119,26
DA:123,1
DA:124,1
DA:127,1
LF:77
LH:77
BRDA:27,0,0,42
BRDA:27,0,1,28
BRDA:32,1,0,7
BRDA:32,1,1,3
BRDA:49,2,0,3
BRDA:49,2,1,7
BRDA:53,3,0,14
BRDA:53,3,1,56
BRDA:87,4,0,26
BRDA:87,4,1,10
BRDA:87,5,0,36
BRDA:87,5,1,28
BRDA:97,6,0,257
BRDA:97,6,1,67
BRDA:114,7,0,26
BRDA:114,7,1,52
BRF:16
BRH:16
end_of_record
