TN:
SF:Exercises\musicChordsClassifier\index.js
FN:23,(anonymous_0)
FN:32,(anonymous_1)
FN:35,(anonymous_2)
FN:43,(anonymous_3)
FN:50,setChordCountsInLabels
FN:53,(anonymous_5)
FN:57,(anonymous_6)
FN:68,setProbabilityOfChordsInLabels
FN:70,(anonymous_8)
FN:71,(anonymous_9)
FN:95,classify
FN:97,(anonymous_11)
FN:99,(anonymous_12)
FN:101,(anonymous_13)
FN:118,(anonymous_14)
FN:120,(anonymous_15)
FN:134,addElementsToArrayAsSingleArray
FN:144,updateChordsList
FN:148,(anonymous_18)
FN:156,countPropertyInObject
FNF:20
FNH:20
FNDA:10,(anonymous_0)
FNDA:11,(anonymous_1)
FNDA:14,(anonymous_2)
FNDA:26,(anonymous_3)
FNDA:7,setChordCountsInLabels
FNDA:29,(anonymous_5)
FNDA:193,(anonymous_6)
FNDA:1,setProbabilityOfChordsInLabels
FNDA:3,(anonymous_8)
FNDA:56,(anonymous_9)
FNDA:36,classify
FNDA:110,(anonymous_11)
FNDA:78,(anonymous_12)
FNDA:324,(anonymous_13)
FNDA:26,(anonymous_14)
FNDA:78,(anonymous_15)
FNDA:27,addElementsToArrayAsSingleArray
FNDA:25,updateChordsList
FNDA:75,(anonymous_18)
FNDA:17,countPropertyInObject
DA:1,1
DA:2,1
DA:3,1
DA:4,1
DA:5,1
DA:6,1
DA:7,1
DA:8,1
DA:10,1
DA:12,1
DA:13,1
DA:15,1
DA:16,1
DA:17,1
DA:18,1
DA:19,1
DA:20,1
DA:23,1
DA:24,10
DA:25,10
DA:26,10
DA:32,1
DA:33,11
DA:34,6
DA:35,6
DA:36,14
DA:38,6
DA:43,1
DA:44,26
DA:45,12
DA:51,7
DA:52,7
DA:53,7
DA:54,29
DA:55,13
DA:57,29
DA:58,193
DA:59,38
DA:61,155
DA:65,6
DA:69,1
DA:70,1
DA:71,3
DA:72,56
DA:77,1
DA:78,1
DA:79,1
DA:80,1
DA:81,1
DA:82,1
DA:83,1
DA:84,1
DA:85,1
DA:86,1
DA:88,1
DA:90,1
DA:91,1
DA:93,1
DA:96,36
DA:97,110
DA:98,26
DA:99,26
DA:100,78
DA:101,78
DA:103,324
DA:104,324
DA:105,257
DA:107,67
DA:110,78
DA:112,26
DA:113,26
DA:115,10
DA:118,1
DA:119,26
DA:121,78
DA:122,26
DA:124,78
DA:126,26
DA:130,1
DA:131,1
DA:135,27
DA:136,17
DA:138,10
DA:145,25
DA:146,10
DA:148,15
DA:149,75
DA:150,47
DA:153,15
DA:157,17
DA:158,12
DA:159,7
DA:161,5
DA:163,12
DA:170,1
LF:95
LH:95
BRDA:33,0,0,6
BRDA:33,0,1,5
BRDA:44,1,0,14
BRDA:44,1,1,12
BRDA:44,2,0,26
BRDA:44,2,1,22
BRDA:54,3,0,13
BRDA:54,3,1,16
BRDA:58,4,0,38
BRDA:58,4,1,155
BRDA:96,5,0,26
BRDA:96,5,1,10
BRDA:96,6,0,36
BRDA:96,6,1,28
BRDA:104,7,0,257
BRDA:104,7,1,67
BRDA:121,8,0,26
BRDA:121,8,1,52
BRDA:135,9,0,17
BRDA:135,9,1,10
BRDA:145,10,0,10
BRDA:145,10,1,15
BRDA:145,11,0,25
BRDA:145,11,1,17
BRDA:149,12,0,47
BRDA:149,12,1,28
BRDA:157,13,0,12
BRDA:157,13,1,5
BRDA:157,14,0,17
BRDA:157,14,1,16
BRDA:158,15,0,7
BRDA:158,15,1,5
BRF:32
BRH:32
end_of_record
